<?xml version="1.0" encoding="UTF-8"?>
<!-- Generated by org.testng.reporters.JUnitXMLReporter -->
<testsuite ignored="3" hostname="DESKTOP-A92GSCV" failures="1" tests="6" name="Test" time="94.908" errors="0" timestamp="2024-11-18T17:00:19 IST">
  <testcase classname="com.runner.ClassTest1" name="isDisplay" time="0.302"/>
  <testcase classname="com.runner.ClassTest2" name="getCountOfImages" time="8.316"/>
  <testcase classname="com.runner.ClassTest2" name="getCountOfLinks" time="14.445"/>
  <testcase classname="com.runner.ClassTest3" name="verify" time="14.105">
    <failure type="java.lang.AssertionError" message="expected [] but found [Search for items/categories]">
      <![CDATA[java.lang.AssertionError: expected [] but found [Search for items/categories]
at Utils.CommonMethods.assertMethod(CommonMethods.java:337)
at com.runner.ClassTest3.verify(ClassTest3.java:37)
at java.base/java.util.ArrayList.forEach(ArrayList.java:1511)
... Removed 33 stack frames]]>
    </failure>
  </testcase> <!-- verify -->
  <testcase classname="com.runner.ClassTest4" name="loginScenario" time="0.888"/>
  <testcase classname="com.runner.ClassTest5" name="operationsOnProduct" time="8.247"/>
  <testcase classname="com.runner.ClassTest5" name="loginToQkart" time="0.0">
    <ignored/>
  </testcase> <!-- loginToQkart -->
  <testcase classname="com.runner.ClassTest1" name="isClickable" time="0.0">
    <ignored/>
  </testcase> <!-- isClickable -->
  <testcase classname="com.runner.ClassTest5" name="registerToQkart" time="0.0">
    <ignored/>
  </testcase> <!-- registerToQkart -->
</testsuite> <!-- Test -->
