<?xml version="1.0" encoding="UTF-8"?>
<testng-results ignored="0" total="6" passed="5" failed="1" skipped="0">
  <reporter-output>
  </reporter-output>
  <suite started-at="2024-11-18T16:58:43 IST" name="Suite" finished-at="2024-11-18T17:00:18 IST" duration-ms="94908">
    <groups>
    </groups>
    <test started-at="2024-11-18T16:58:43 IST" name="Test" finished-at="2024-11-18T17:00:18 IST" duration-ms="94908">
      <class name="com.runner.ClassTest1">
        <test-method is-config="true" signature="launchBrowser()[pri:0, instance:com.runner.ClassTest1@4ee203eb]" started-at="2024-11-18T16:58:44 IST" name="launchBrowser" finished-at="2024-11-18T16:58:57 IST" duration-ms="13559" status="PASS">
          <reporter-output>
          </reporter-output>
        </test-method> <!-- launchBrowser -->
        <test-method signature="isDisplay()[pri:0, instance:com.runner.ClassTest1@4ee203eb]" started-at="2024-11-18T16:58:57 IST" name="isDisplay" finished-at="2024-11-18T16:58:58 IST" duration-ms="302" status="PASS">
          <reporter-output>
          </reporter-output>
        </test-method> <!-- isDisplay -->
        <test-method is-config="true" signature="closeBrowser()[pri:0, instance:com.runner.ClassTest1@4ee203eb]" started-at="2024-11-18T16:58:58 IST" name="closeBrowser" finished-at="2024-11-18T16:58:58 IST" duration-ms="355" status="PASS">
          <reporter-output>
          </reporter-output>
        </test-method> <!-- closeBrowser -->
      </class> <!-- com.runner.ClassTest1 -->
      <class name="com.runner.ClassTest2">
        <test-method is-config="true" signature="launchBrowser()[pri:0, instance:com.runner.ClassTest2@41f69e84]" started-at="2024-11-18T16:58:58 IST" name="launchBrowser" finished-at="2024-11-18T16:59:04 IST" duration-ms="6302" status="PASS">
          <reporter-output>
          </reporter-output>
        </test-method> <!-- launchBrowser -->
        <test-method signature="getCountOfImages()[pri:0, instance:com.runner.ClassTest2@41f69e84]" started-at="2024-11-18T16:59:04 IST" name="getCountOfImages" finished-at="2024-11-18T16:59:13 IST" duration-ms="8316" status="PASS">
          <reporter-output>
          </reporter-output>
        </test-method> <!-- getCountOfImages -->
        <test-method signature="getCountOfLinks()[pri:0, instance:com.runner.ClassTest2@41f69e84]" started-at="2024-11-18T16:59:13 IST" name="getCountOfLinks" finished-at="2024-11-18T16:59:27 IST" duration-ms="14445" status="PASS">
          <reporter-output>
          </reporter-output>
        </test-method> <!-- getCountOfLinks -->
        <test-method is-config="true" signature="closeBrowser()[pri:0, instance:com.runner.ClassTest2@41f69e84]" started-at="2024-11-18T16:59:27 IST" name="closeBrowser" finished-at="2024-11-18T16:59:27 IST" duration-ms="227" status="PASS">
          <reporter-output>
          </reporter-output>
        </test-method> <!-- closeBrowser -->
      </class> <!-- com.runner.ClassTest2 -->
      <class name="com.runner.ClassTest3">
        <test-method is-config="true" signature="launchBrowser()[pri:0, instance:com.runner.ClassTest3@7975d1d8]" started-at="2024-11-18T16:59:27 IST" name="launchBrowser" finished-at="2024-11-18T16:59:29 IST" duration-ms="2016" status="PASS">
          <reporter-output>
          </reporter-output>
        </test-method> <!-- launchBrowser -->
        <test-method signature="verify()[pri:0, instance:com.runner.ClassTest3@7975d1d8]" started-at="2024-11-18T16:59:29 IST" name="verify" finished-at="2024-11-18T16:59:44 IST" duration-ms="14105" status="FAIL">
          <exception class="java.lang.AssertionError">
            <message>
              <![CDATA[expected [] but found [Search for items/categories]]]>
            </message>
            <full-stacktrace>
              <![CDATA[java.lang.AssertionError: expected [] but found [Search for items/categories]
at org.testng.Assert.fail(Assert.java:111)
at org.testng.Assert.failNotEquals(Assert.java:1578)
at org.testng.Assert.assertEqualsImpl(Assert.java:150)
at org.testng.Assert.assertEquals(Assert.java:132)
at org.testng.Assert.assertEquals(Assert.java:656)
at org.testng.Assert.assertEquals(Assert.java:666)
at Utils.CommonMethods.assertMethod(CommonMethods.java:337)
at com.runner.ClassTest3.verify(ClassTest3.java:37)
at java.base/jdk.internal.reflect.NativeMethodAccessorImpl.invoke0(Native Method)
at java.base/jdk.internal.reflect.NativeMethodAccessorImpl.invoke(NativeMethodAccessorImpl.java:77)
at java.base/jdk.internal.reflect.DelegatingMethodAccessorImpl.invoke(DelegatingMethodAccessorImpl.java:43)
at java.base/java.lang.reflect.Method.invoke(Method.java:568)
at org.testng.internal.invokers.MethodInvocationHelper.invokeMethod(MethodInvocationHelper.java:141)
at org.testng.internal.invokers.TestInvoker.invokeMethod(TestInvoker.java:686)
at org.testng.internal.invokers.TestInvoker.invokeTestMethod(TestInvoker.java:230)
at org.testng.internal.invokers.MethodRunner.runInSequence(MethodRunner.java:63)
at org.testng.internal.invokers.TestInvoker$MethodInvocationAgent.invoke(TestInvoker.java:992)
at org.testng.internal.invokers.TestInvoker.invokeTestMethods(TestInvoker.java:203)
at org.testng.internal.invokers.TestMethodWorker.invokeTestMethods(TestMethodWorker.java:154)
at org.testng.internal.invokers.TestMethodWorker.run(TestMethodWorker.java:134)
at java.base/java.util.ArrayList.forEach(ArrayList.java:1511)
at org.testng.TestRunner.privateRun(TestRunner.java:739)
at org.testng.TestRunner.run(TestRunner.java:614)
at org.testng.SuiteRunner.runTest(SuiteRunner.java:421)
at org.testng.SuiteRunner.runSequentially(SuiteRunner.java:413)
at org.testng.SuiteRunner.privateRun(SuiteRunner.java:373)
at org.testng.SuiteRunner.run(SuiteRunner.java:312)
at org.testng.SuiteRunnerWorker.runSuite(SuiteRunnerWorker.java:52)
at org.testng.SuiteRunnerWorker.run(SuiteRunnerWorker.java:95)
at org.testng.TestNG.runSuitesSequentially(TestNG.java:1274)
at org.testng.TestNG.runSuitesLocally(TestNG.java:1208)
at org.testng.TestNG.runSuites(TestNG.java:1112)
at org.testng.TestNG.run(TestNG.java:1079)
at org.testng.remote.AbstractRemoteTestNG.run(AbstractRemoteTestNG.java:115)
at org.testng.remote.RemoteTestNG.initAndRun(RemoteTestNG.java:293)
at org.testng.remote.RemoteTestNG.main(RemoteTestNG.java:91)
]]>
            </full-stacktrace>
          </exception> <!-- java.lang.AssertionError -->
          <reporter-output>
          </reporter-output>
        </test-method> <!-- verify -->
        <test-method is-config="true" signature="closeBrowser()[pri:0, instance:com.runner.ClassTest3@7975d1d8]" started-at="2024-11-18T16:59:44 IST" name="closeBrowser" finished-at="2024-11-18T16:59:44 IST" duration-ms="190" status="PASS">
          <reporter-output>
          </reporter-output>
        </test-method> <!-- closeBrowser -->
      </class> <!-- com.runner.ClassTest3 -->
      <class name="com.runner.ClassTest4">
        <test-method is-config="true" signature="launchBrowser()[pri:0, instance:com.runner.ClassTest4@5ac86ba5]" started-at="2024-11-18T16:59:44 IST" name="launchBrowser" finished-at="2024-11-18T16:59:54 IST" duration-ms="9817" status="PASS">
          <reporter-output>
          </reporter-output>
        </test-method> <!-- launchBrowser -->
        <test-method signature="loginScenario()[pri:0, instance:com.runner.ClassTest4@5ac86ba5]" started-at="2024-11-18T16:59:54 IST" name="loginScenario" finished-at="2024-11-18T16:59:55 IST" duration-ms="888" status="PASS">
          <reporter-output>
          </reporter-output>
        </test-method> <!-- loginScenario -->
        <test-method is-config="true" signature="closeBrowser()[pri:0, instance:com.runner.ClassTest4@5ac86ba5]" started-at="2024-11-18T16:59:55 IST" name="closeBrowser" finished-at="2024-11-18T16:59:55 IST" duration-ms="197" status="PASS">
          <reporter-output>
          </reporter-output>
        </test-method> <!-- closeBrowser -->
        <test-method is-config="true" signature="tearDown()[pri:0, instance:com.runner.ClassTest4@5ac86ba5]" started-at="2024-11-18T17:00:18 IST" name="tearDown" finished-at="2024-11-18T17:00:18 IST" duration-ms="227" status="PASS">
          <reporter-output>
          </reporter-output>
        </test-method> <!-- tearDown -->
      </class> <!-- com.runner.ClassTest4 -->
      <class name="com.runner.ClassTest5">
        <test-method is-config="true" signature="launchBrowser()[pri:0, instance:com.runner.ClassTest5@2ce86164]" started-at="2024-11-18T16:59:55 IST" name="launchBrowser" finished-at="2024-11-18T17:00:10 IST" duration-ms="14552" status="PASS">
          <reporter-output>
          </reporter-output>
        </test-method> <!-- launchBrowser -->
        <test-method signature="operationsOnProduct()[pri:0, instance:com.runner.ClassTest5@2ce86164]" started-at="2024-11-18T17:00:10 IST" name="operationsOnProduct" finished-at="2024-11-18T17:00:18 IST" duration-ms="8247" status="PASS">
          <reporter-output>
          </reporter-output>
        </test-method> <!-- operationsOnProduct -->
        <test-method is-config="true" signature="closeBrowser()[pri:0, instance:com.runner.ClassTest5@2ce86164]" started-at="2024-11-18T17:00:18 IST" name="closeBrowser" finished-at="2024-11-18T17:00:18 IST" duration-ms="226" status="PASS">
          <reporter-output>
          </reporter-output>
        </test-method> <!-- closeBrowser -->
      </class> <!-- com.runner.ClassTest5 -->
    </test> <!-- Test -->
  </suite> <!-- Suite -->
</testng-results>
